d:\users\mario.he\desktop\project\build\00.mymatrix.dir\debug\vc120.pdb
d:\users\mario.he\desktop\project\build\00.mymatrix.dir\debug\mymatrix.obj
d:\users\mario.he\desktop\project\build\00.mymatrix.dir\debug\mymatrixmain.obj
d:\users\mario.he\desktop\project\build\cmakefiles\generate.stamp
d:\users\mario.he\desktop\project\build\debug\00.mymatrix.lib
d:\users\mario.he\desktop\project\build\debug\00.mymatrix.pdb
d:\users\mario.he\desktop\project\build\00.mymatrix.dir\debug\00.mymatrix.tlog\00.mymatrix.write.1u.tlog
d:\users\mario.he\desktop\project\build\00.mymatrix.dir\debug\00.mymatrix.tlog\cl.command.1.tlog
d:\users\mario.he\desktop\project\build\00.mymatrix.dir\debug\00.mymatrix.tlog\cl.read.1.tlog
d:\users\mario.he\desktop\project\build\00.mymatrix.dir\debug\00.mymatrix.tlog\cl.write.1.tlog
d:\users\mario.he\desktop\project\build\00.mymatrix.dir\debug\00.mymatrix.tlog\custombuild.command.1.tlog
d:\users\mario.he\desktop\project\build\00.mymatrix.dir\debug\00.mymatrix.tlog\custombuild.read.1.tlog
d:\users\mario.he\desktop\project\build\00.mymatrix.dir\debug\00.mymatrix.tlog\custombuild.write.1.tlog
d:\users\mario.he\desktop\project\build\00.mymatrix.dir\debug\00.mymatrix.tlog\lib-link.read.1.tlog
d:\users\mario.he\desktop\project\build\00.mymatrix.dir\debug\00.mymatrix.tlog\lib-link.write.1.tlog
d:\users\mario.he\desktop\project\build\00.mymatrix.dir\debug\00.mymatrix.tlog\lib.command.1.tlog
d:\users\mario.he\desktop\project\build\00.mymatrix.dir\debug\00.mymatrix.tlog\link-cvtres.read.1.tlog
d:\users\mario.he\desktop\project\build\00.mymatrix.dir\debug\00.mymatrix.tlog\link-cvtres.write.1.tlog
d:\users\mario.he\desktop\project\build\00.mymatrix.dir\debug\00.mymatrix.tlog\link-rc.read.1.tlog
d:\users\mario.he\desktop\project\build\00.mymatrix.dir\debug\00.mymatrix.tlog\link-rc.write.1.tlog
d:\users\mario.he\desktop\project\build\00.mymatrix.dir\debug\00.mymatrix.tlog\link.3176-cvtres.read.1.tlog
d:\users\mario.he\desktop\project\build\00.mymatrix.dir\debug\00.mymatrix.tlog\link.3176-cvtres.write.1.tlog
d:\users\mario.he\desktop\project\build\00.mymatrix.dir\debug\00.mymatrix.tlog\link.3176-rc.read.1.tlog
d:\users\mario.he\desktop\project\build\00.mymatrix.dir\debug\00.mymatrix.tlog\link.3176-rc.write.1.tlog
d:\users\mario.he\desktop\project\build\00.mymatrix.dir\debug\00.mymatrix.tlog\link.3176.read.1.tlog
d:\users\mario.he\desktop\project\build\00.mymatrix.dir\debug\00.mymatrix.tlog\link.3176.write.1.tlog
d:\users\mario.he\desktop\project\build\00.mymatrix.dir\debug\00.mymatrix.tlog\link.command.1.tlog
d:\users\mario.he\desktop\project\build\00.mymatrix.dir\debug\00.mymatrix.tlog\link.read.1.tlog
d:\users\mario.he\desktop\project\build\00.mymatrix.dir\debug\00.mymatrix.tlog\link.write.1.tlog
